<?xml version="1.0" encoding="UTF-8"?>
<!-- Generated by org.testng.reporters.JUnitReportReporter -->
<testsuite hostname="Fatma" failures="0" tests="1" name="Mytry_Test.Post_Params2" time="5.111" errors="0" timestamp="2023-05-12T23:38:14 EET" skipped="0">
  <testcase classname="Mytry_Test.Post_Params2" name="Post_params" time="5.111"/>
  <system-out/>
</testsuite> <!-- Mytry_Test.Post_Params2 -->
