<?xml version="1.0" encoding="UTF-8"?>
<!-- Generated by org.testng.reporters.JUnitReportReporter -->
<testsuite hostname="Fatma" failures="0" tests="2" name="tests.GET_and_POST_3" time="4.979" errors="0" timestamp="2023-04-12T02:48:44 EET" skipped="0">
  <testcase classname="tests.GET_and_POST_3" name="testPost" time="0.875"/>
  <system-out/>
  <testcase classname="tests.GET_and_POST_3" name="testGet" time="4.104"/>
  <system-out/>
</testsuite> <!-- tests.GET_and_POST_3 -->
