<?xml version="1.0" encoding="UTF-8"?>
<!-- Generated by org.testng.reporters.JUnitReportReporter -->
<testsuite hostname="Fatma" failures="0" tests="1" name="tests.Tests_Get" time="2.114" errors="0" timestamp="2023-04-10T01:47:22 EET" skipped="0">
  <testcase classname="tests.Tests_Get" name="test_1" time="2.114"/>
  <system-out/>
</testsuite> <!-- tests.Tests_Get -->
