<?xml version="1.0" encoding="UTF-8"?>
<!-- Generated by org.testng.reporters.JUnitReportReporter -->
<testsuite hostname="Fatma" failures="0" tests="1" name="Mytry_Test.Post_Parama" time="3.400" errors="0" timestamp="2023-04-10T19:51:37 EET" skipped="0">
  <testcase classname="Mytry_Test.Post_Parama" name="post_params" time="3.400"/>
  <system-out/>
</testsuite> <!-- Mytry_Test.Post_Parama -->
