<?xml version="1.0" encoding="UTF-8"?>
<!-- Generated by org.testng.reporters.JUnitReportReporter -->
<testsuite hostname="Fatma" failures="0" tests="1" name="tests.PUT" time="3.035" errors="0" timestamp="2023-05-12T23:42:38 EET" skipped="0">
  <testcase classname="tests.PUT" name="Put_Params" time="3.035"/>
  <system-out/>
</testsuite> <!-- tests.PUT -->
