<?xml version="1.0" encoding="UTF-8"?>
<!-- Generated by org.testng.reporters.JUnitReportReporter -->
<testsuite hostname="Fatma" failures="0" tests="1" name="tests.Tests" time="1.661" errors="0" timestamp="2023-04-10T01:24:12 EET" skipped="0">
  <testcase classname="tests.Tests" name="test_1" time="1.661"/>
  <system-out/>
</testsuite> <!-- tests.Tests -->
