<?xml version="1.0" encoding="UTF-8"?>
<!-- Generated by org.testng.reporters.JUnitReportReporter -->
<testsuite hostname="Fatma" failures="0" tests="2" name="tests.Static_Import_2" time="5.781" errors="0" timestamp="2023-05-12T23:08:41 EET" skipped="0">
  <testcase classname="tests.Static_Import_2" name="test_1" time="3.634"/>
  <system-out/>
  <testcase classname="tests.Static_Import_2" name="test_2" time="2.147"/>
  <system-out/>
</testsuite> <!-- tests.Static_Import_2 -->
