<?xml version="1.0" encoding="UTF-8"?>
<!-- Generated by org.testng.reporters.JUnitReportReporter -->
<testsuite hostname="Fatma" failures="0" tests="1" name="tests.Delete" time="3.355" errors="0" timestamp="2023-05-13T00:19:09 EET" skipped="0">
  <testcase classname="tests.Delete" name="delete" time="3.355"/>
  <system-out/>
</testsuite> <!-- tests.Delete -->
