<?xml version="1.0" encoding="UTF-8"?>
<!-- Generated by org.testng.reporters.JUnitReportReporter -->
<testsuite hostname="Fatma" failures="0" tests="1" name="tests.JSONSchemaValidation" time="4.432" errors="0" timestamp="2023-05-24T03:19:24 EET" skipped="0">
  <testcase classname="tests.JSONSchemaValidation" name="testGet" time="4.432"/>
  <system-out/>
</testsuite> <!-- tests.JSONSchemaValidation -->
